<?xml version="1.0" encoding="UTF-8"?>
<testng-results ignored="0" total="3" passed="3" failed="0" skipped="0">
  <reporter-output>
  </reporter-output>
  <suite started-at="2022-07-18T20:08:26 CEST" name="Runners.RunTest" finished-at="2022-07-18T20:09:07 CEST" duration-ms="41494">
    <groups>
      <group name="cucumber">
        <method signature="AbstractTestNGCucumberTests.runScenario(io.cucumber.testng.PickleWrapper,io.cucumber.testng.FeatureWrapper)[pri:0, instance:Runners.RunTest@5af97850]" name="runScenario" class="io.cucumber.testng.AbstractTestNGCucumberTests"/>
      </group> <!-- cucumber -->
    </groups>
    <test started-at="2022-07-18T20:08:26 CEST" name="Command line test" finished-at="2022-07-18T20:09:07 CEST" duration-ms="41494">
      <class name="Runners.RunTest">
        <test-method is-config="true" signature="setUpClass(org.testng.ITestContext)[pri:0, instance:Runners.RunTest@5af97850]" started-at="2022-07-18T20:08:26 CEST" name="setUpClass" finished-at="2022-07-18T20:08:26 CEST" duration-ms="239" status="PASS">
          <params>
            <param index="0">
              <value>
                <![CDATA[org.testng.TestRunner@6d5c2745]]>
              </value>
            </param>
          </params>
          <reporter-output>
          </reporter-output>
        </test-method> <!-- setUpClass -->
        <test-method signature="runScenario(io.cucumber.testng.PickleWrapper,io.cucumber.testng.FeatureWrapper)[pri:0, instance:Runners.RunTest@5af97850]" started-at="2022-07-18T20:08:26 CEST" name="runScenario" description="Runs Cucumber Scenarios" data-provider="scenarios" finished-at="2022-07-18T20:08:42 CEST" duration-ms="15732" status="PASS">
          <params>
            <param index="0">
              <value>
                <![CDATA["Valid Login"]]>
              </value>
            </param>
            <param index="1">
              <value>
                <![CDATA["Login"]]>
              </value>
            </param>
          </params>
          <reporter-output>
          </reporter-output>
        </test-method> <!-- runScenario -->
        <test-method signature="runScenario(io.cucumber.testng.PickleWrapper,io.cucumber.testng.FeatureWrapper)[pri:0, instance:Runners.RunTest@5af97850]" started-at="2022-07-18T20:08:42 CEST" name="runScenario" description="Runs Cucumber Scenarios" data-provider="scenarios" finished-at="2022-07-18T20:08:53 CEST" duration-ms="10870" status="PASS">
          <params>
            <param index="0">
              <value>
                <![CDATA["Invalid username login"]]>
              </value>
            </param>
            <param index="1">
              <value>
                <![CDATA["Login"]]>
              </value>
            </param>
          </params>
          <reporter-output>
          </reporter-output>
        </test-method> <!-- runScenario -->
        <test-method signature="runScenario(io.cucumber.testng.PickleWrapper,io.cucumber.testng.FeatureWrapper)[pri:0, instance:Runners.RunTest@5af97850]" started-at="2022-07-18T20:08:53 CEST" name="runScenario" description="Runs Cucumber Scenarios" data-provider="scenarios" finished-at="2022-07-18T20:09:07 CEST" duration-ms="14619" status="PASS">
          <params>
            <param index="0">
              <value>
                <![CDATA["Invalid password login"]]>
              </value>
            </param>
            <param index="1">
              <value>
                <![CDATA["Login"]]>
              </value>
            </param>
          </params>
          <reporter-output>
          </reporter-output>
        </test-method> <!-- runScenario -->
        <test-method is-config="true" signature="tearDownClass()[pri:0, instance:Runners.RunTest@5af97850]" started-at="2022-07-18T20:09:07 CEST" name="tearDownClass" finished-at="2022-07-18T20:09:07 CEST" duration-ms="5" status="PASS">
          <reporter-output>
          </reporter-output>
        </test-method> <!-- tearDownClass -->
      </class> <!-- Runners.RunTest -->
    </test> <!-- Command line test -->
  </suite> <!-- Runners.RunTest -->
</testng-results>
